# JRE version: OpenJDK Runtime Environment (8.0_91-b14) (build 1.8.0_91-3-redhat-b14)
# Java VM: OpenJDK 64-Bit Server VM (25.91-b14 mixed mode windows-amd64 compressed oops)
Heap:
 PSYoungGen      total 160256K, used 104336K [0x000000076b780000, 0x000000077b280000, 0x00000007c0000000)
  eden space 144896K, 61% used [0x000000076b780000,0x0000000770e65598,0x0000000774500000)
  from space 15360K, 99% used [0x0000000774500000,0x00000007753fec00,0x0000000775400000)
  to   space 19968K, 0% used [0x0000000779f00000,0x0000000779f00000,0x000000077b280000)
 ParOldGen       total 157696K, used 20926K [0x00000006c2600000, 0x00000006cc000000, 0x000000076b780000)
  object space 157696K, 13% used [0x00000006c2600000,0x00000006c3a6f8d0,0x00000006cc000000)
 Metaspace       used 54949K, capacity 57662K, committed 57776K, reserved 1099776K
  class space    used 7372K, capacity 7856K, committed 7856K, reserved 1048576K
GC Heap History (10 events):
Event: 2.001 GC heap before
{Heap before GC invocations=5 (full 1):
 PSYoungGen      total 75776K, used 68572K [0x000000076b780000, 0x0000000772c00000, 0x00000007c0000000)
  eden space 65024K, 100% used [0x000000076b780000,0x000000076f700000,0x000000076f700000)
  from space 10752K, 33% used [0x000000076f700000,0x000000076fa77358,0x0000000770180000)
  to   space 10752K, 0% used [0x0000000772180000,0x0000000772180000,0x0000000772c00000)
 ParOldGen       total 106496K, used 10532K [0x00000006c2600000, 0x00000006c8e00000, 0x000000076b780000)
  object space 106496K, 9% used [0x00000006c2600000,0x00000006c3049208,0x00000006c8e00000)
 Metaspace       used 26358K, capacity 27428K, committed 27568K, reserved 1073152K
  class space    used 3449K, capacity 3700K, committed 3760K, reserved 1048576K
Event: 2.007 GC heap after
Heap after GC invocations=5 (full 1):
 PSYoungGen      total 107520K, used 9036K [0x000000076b780000, 0x0000000772b80000, 0x00000007c0000000)
  eden space 97280K, 0% used [0x000000076b780000,0x000000076b780000,0x0000000771680000)
  from space 10240K, 88% used [0x0000000772180000,0x0000000772a53268,0x0000000772b80000)
  to   space 10752K, 0% used [0x0000000771680000,0x0000000771680000,0x0000000772100000)
 ParOldGen       total 106496K, used 10540K [0x00000006c2600000, 0x00000006c8e00000, 0x000000076b780000)
  object space 106496K, 9% used [0x00000006c2600000,0x00000006c304b208,0x00000006c8e00000)
 Metaspace       used 26358K, capacity 27428K, committed 27568K, reserved 1073152K
  class space    used 3449K, capacity 3700K, committed 3760K, reserved 1048576K
}
Event: 2.546 GC heap before
{Heap before GC invocations=6 (full 1):
 PSYoungGen      total 107520K, used 106316K [0x000000076b780000, 0x0000000772b80000, 0x00000007c0000000)
  eden space 97280K, 100% used [0x000000076b780000,0x0000000771680000,0x0000000771680000)
  from space 10240K, 88% used [0x0000000772180000,0x0000000772a53268,0x0000000772b80000)
  to   space 10752K, 0% used [0x0000000771680000,0x0000000771680000,0x0000000772100000)
 ParOldGen       total 106496K, used 10540K [0x00000006c2600000, 0x00000006c8e00000, 0x000000076b780000)
  object space 106496K, 9% used [0x00000006c2600000,0x00000006c304b208,0x00000006c8e00000)
 Metaspace       used 31625K, capacity 33354K, committed 33712K, reserved 1079296K
  class space    used 4098K, capacity 4415K, committed 4528K, reserved 1048576K
Event: 2.555 GC heap after
Heap after GC invocations=6 (full 1):
 PSYoungGen      total 108032K, used 10737K [0x000000076b780000, 0x0000000776280000, 0x00000007c0000000)
  eden space 97280K, 0% used [0x000000076b780000,0x000000076b780000,0x0000000771680000)
  from space 10752K, 99% used [0x0000000771680000,0x00000007720fc648,0x0000000772100000)
  to   space 14848K, 0% used [0x0000000775400000,0x0000000775400000,0x0000000776280000)
 ParOldGen       total 106496K, used 11856K [0x00000006c2600000, 0x00000006c8e00000, 0x000000076b780000)
  object space 106496K, 11% used [0x00000006c2600000,0x00000006c31940b8,0x00000006c8e00000)
 Metaspace       used 31625K, capacity 33354K, committed 33712K, reserved 1079296K
  class space    used 4098K, capacity 4415K, committed 4528K, reserved 1048576K
}
Event: 2.654 GC heap before
{Heap before GC invocations=7 (full 1):
 PSYoungGen      total 108032K, used 25644K [0x000000076b780000, 0x0000000776280000, 0x00000007c0000000)
  eden space 97280K, 15% used [0x000000076b780000,0x000000076c60eb08,0x0000000771680000)
  from space 10752K, 99% used [0x0000000771680000,0x00000007720fc648,0x0000000772100000)
  to   space 14848K, 0% used [0x0000000775400000,0x0000000775400000,0x0000000776280000)
 ParOldGen       total 106496K, used 11856K [0x00000006c2600000, 0x00000006c8e00000, 0x000000076b780000)
  object space 106496K, 11% used [0x00000006c2600000,0x00000006c31940b8,0x00000006c8e00000)
 Metaspace       used 33708K, capacity 35344K, committed 35496K, reserved 1081344K
  class space    used 4282K, capacity 4608K, committed 4656K, reserved 1048576K
Event: 2.662 GC heap after
Heap after GC invocations=7 (full 1):
 PSYoungGen      total 159744K, used 11080K [0x000000076b780000, 0x0000000777100000, 0x00000007c0000000)
  eden space 144896K, 0% used [0x000000076b780000,0x000000076b780000,0x0000000774500000)
  from space 14848K, 74% used [0x0000000775400000,0x0000000775ed2278,0x0000000776280000)
  to   space 15360K, 0% used [0x0000000774500000,0x0000000774500000,0x0000000775400000)
 ParOldGen       total 106496K, used 11864K [0x00000006c2600000, 0x00000006c8e00000, 0x000000076b780000)
  object space 106496K, 11% used [0x00000006c2600000,0x00000006c31960b8,0x00000006c8e00000)
 Metaspace       used 33708K, capacity 35344K, committed 35496K, reserved 1081344K
  class space    used 4282K, capacity 4608K, committed 4656K, reserved 1048576K
}
Event: 2.662 GC heap before
{Heap before GC invocations=8 (full 2):
 PSYoungGen      total 159744K, used 11080K [0x000000076b780000, 0x0000000777100000, 0x00000007c0000000)
  eden space 144896K, 0% used [0x000000076b780000,0x000000076b780000,0x0000000774500000)
  from space 14848K, 74% used [0x0000000775400000,0x0000000775ed2278,0x0000000776280000)
  to   space 15360K, 0% used [0x0000000774500000,0x0000000774500000,0x0000000775400000)
 ParOldGen       total 106496K, used 11864K [0x00000006c2600000, 0x00000006c8e00000, 0x000000076b780000)
  object space 106496K, 11% used [0x00000006c2600000,0x00000006c31960b8,0x00000006c8e00000)
 Metaspace       used 33708K, capacity 35344K, committed 35496K, reserved 1081344K
  class space    used 4282K, capacity 4608K, committed 4656K, reserved 1048576K
Event: 2.704 GC heap after
Heap after GC invocations=8 (full 2):
 PSYoungGen      total 159744K, used 0K [0x000000076b780000, 0x0000000777100000, 0x00000007c0000000)
  eden space 144896K, 0% used [0x000000076b780000,0x000000076b780000,0x0000000774500000)
  from space 14848K, 0% used [0x0000000775400000,0x0000000775400000,0x0000000776280000)
  to   space 15360K, 0% used [0x0000000774500000,0x0000000774500000,0x0000000775400000)
 ParOldGen       total 157696K, used 16012K [0x00000006c2600000, 0x00000006cc000000, 0x000000076b780000)
  object space 157696K, 10% used [0x00000006c2600000,0x00000006c35a3108,0x00000006cc000000)
 Metaspace       used 33708K, capacity 35344K, committed 35496K, reserved 1081344K
  class space    used 4282K, capacity 4608K, committed 4656K, reserved 1048576K
}
Event: 3.994 GC heap before
{Heap before GC invocations=9 (full 2):
 PSYoungGen      total 159744K, used 144896K [0x000000076b780000, 0x0000000777100000, 0x00000007c0000000)
  eden space 144896K, 100% used [0x000000076b780000,0x0000000774500000,0x0000000774500000)
  from space 14848K, 0% used [0x0000000775400000,0x0000000775400000,0x0000000776280000)
  to   space 15360K, 0% used [0x0000000774500000,0x0000000774500000,0x0000000775400000)
 ParOldGen       total 157696K, used 16012K [0x00000006c2600000, 0x00000006cc000000, 0x000000076b780000)
  object space 157696K, 10% used [0x00000006c2600000,0x00000006c35a3108,0x00000006cc000000)
 Metaspace       used 49917K, capacity 52230K, committed 52528K, reserved 1095680K
  class space    used 6710K, capacity 7133K, committed 7216K, reserved 1048576K
Event: 4.008 GC heap after
Heap after GC invocations=9 (full 2):
 PSYoungGen      total 160256K, used 15355K [0x000000076b780000, 0x000000077b280000, 0x00000007c0000000)
  eden space 144896K, 0% used [0x000000076b780000,0x000000076b780000,0x0000000774500000)
  from space 15360K, 99% used [0x0000000774500000,0x00000007753fec00,0x0000000775400000)
  to   space 19968K, 0% used [0x0000000779f00000,0x0000000779f00000,0x000000077b280000)
 ParOldGen       total 157696K, used 20926K [0x00000006c2600000, 0x00000006cc000000, 0x000000076b780000)
  object space 157696K, 13% used [0x00000006c2600000,0x00000006c3a6f8d0,0x00000006cc000000)
 Metaspace       used 49917K, capacity 52230K, committed 52528K, reserved 1095680K
  class space    used 6710K, capacity 7133K, committed 7216K, reserved 1048576K
}

